<?xml version="1.0" encoding="UTF-8"?>
<!-- Generated by org.testng.reporters.JUnitReportReporter -->
<testsuite skipped="0" hostname="WINDOWS-CN1QL0J" name="com.ole.task.test.RegisterTest" tests="1" failures="0" timestamp="30 Jul 2018 16:58:51 GMT" time="37.860" errors="0">
  <testcase name="registerNewUser" time="37.860" classname="com.ole.task.test.RegisterTest"/>
</testsuite> <!-- com.ole.task.test.RegisterTest -->
